[0814/155704.600:ERROR:process_memory_win.cc(73)] ReadMemory at 0x7ffd46cd4000 of 56 bytes failed: Seule une partie d’une requête ReadProcessMemory ou WriteProcessMemory a été effectuée. (0x12B)
[0814/155705.190:WARNING:pe_image_reader.cc(113)] could not read crashpad info from C:\Program Files (x86)\Google\Chrome\Application\84.0.4147.125\chrome.dll
[0814/155705.190:ERROR:process_memory_win.cc(73)] ReadMemory at 0x12f4d0000 of 64 bytes failed: Seule une partie d’une requête ReadProcessMemory ou WriteProcessMemory a été effectuée. (0x12B)
[0814/155705.190:WARNING:pe_image_reader.cc(340)] could not read dos header from C:\Windows\system32\WS2_32.dll
[0814/155705.190:ERROR:process_memory_win.cc(73)] ReadMemory at 0x7ffd59190000 of 64 bytes failed: Seule une partie d’une requête ReadProcessMemory ou WriteProcessMemory a été effectuée. (0x12B)
[0814/155705.191:WARNING:pe_image_reader.cc(340)] could not read dos header from C:\Windows\SYSTEM32\IPHLPAPI.DLL
[0814/155705.191:ERROR:process_memory_win.cc(73)] ReadMemory at 0x7ffd5fd90000 of 64 bytes failed: Seule une partie d’une requête ReadProcessMemory ou WriteProcessMemory a été effectuée. (0x12B)
[0814/155705.191:WARNING:pe_image_reader.cc(340)] could not read dos header from C:\Windows\system32\OLEAUT32.dll
[0814/155705.191:ERROR:process_memory_win.cc(73)] ReadMemory at 0x7ffd57210000 of 64 bytes failed: Seule une partie d’une requête ReadProcessMemory ou WriteProcessMemory a été effectuée. (0x12B)
[0814/155705.191:WARNING:pe_image_reader.cc(340)] could not read dos header from C:\Windows\SYSTEM32\Secur32.dll
[0814/155705.191:ERROR:process_memory_win.cc(73)] ReadMemory at 0x7ffd5c980000 of 64 bytes failed: Seule une partie d’une requête ReadProcessMemory ou WriteProcessMemory a été effectuée. (0x12B)
[0814/155705.191:WARNING:pe_image_reader.cc(340)] could not read dos header from C:\Windows\SYSTEM32\USERENV.dll
[0814/155705.191:ERROR:process_memory_win.cc(73)] ReadMemory at 0x7ffd5d590000 of 64 bytes failed: Seule une partie d’une requête ReadProcessMemory ou WriteProcessMemory a été effectuée. (0x12B)
[0814/155705.191:WARNING:pe_image_reader.cc(340)] could not read dos header from C:\Windows\system32\WINTRUST.dll
[0814/155705.191:ERROR:process_memory_win.cc(73)] ReadMemory at 0x7ffd55b60000 of 64 bytes failed: Seule une partie d’une requête ReadProcessMemory ou WriteProcessMemory a été effectuée. (0x12B)
[0814/155705.191:WARNING:pe_image_reader.cc(340)] could not read dos header from C:\Windows\SYSTEM32\UIAutomationCore.DLL
[0814/155705.191:ERROR:process_memory_win.cc(73)] ReadMemory at 0x7ffd5d7f0000 of 64 bytes failed: Seule une partie d’une requête ReadProcessMemory ou WriteProcessMemory a été effectuée. (0x12B)
[0814/155705.191:WARNING:pe_image_reader.cc(340)] could not read dos header from C:\Windows\system32\CRYPT32.dll
[0814/155705.191:ERROR:process_memory_win.cc(73)] ReadMemory at 0x7ffd56920000 of 64 bytes failed: Seule une partie d’une requête ReadProcessMemory ou WriteProcessMemory a été effectuée. (0x12B)
[0814/155705.191:WARNING:pe_image_reader.cc(340)] could not read dos header from C:\Windows\SYSTEM32\DWrite.dll
[0814/155705.191:ERROR:process_memory_win.cc(73)] ReadMemory at 0x7ffd50710000 of 64 bytes failed: Seule une partie d’une requête ReadProcessMemory ou WriteProcessMemory a été effectuée. (0x12B)
[0814/155705.191:WARNING:pe_image_reader.cc(340)] could not read dos header from C:\Windows\SYSTEM32\WINSPOOL.DRV
[0814/155705.192:ERROR:process_memory_win.cc(73)] ReadMemory at 0x7ffd4c210000 of 64 bytes failed: Seule une partie d’une requête ReadProcessMemory ou WriteProcessMemory a été effectuée. (0x12B)
[0814/155705.192:WARNING:pe_image_reader.cc(340)] could not read dos header from C:\Windows\SYSTEM32\dbghelp.dll
[0814/155705.192:ERROR:process_memory_win.cc(73)] ReadMemory at 0x7ffd57ac0000 of 64 bytes failed: Seule une partie d’une requête ReadProcessMemory ou WriteProcessMemory a été effectuée. (0x12B)
[0814/155705.192:WARNING:pe_image_reader.cc(340)] could not read dos header from C:\Windows\SYSTEM32\WINHTTP.dll
[0814/155705.192:ERROR:process_memory_win.cc(73)] ReadMemory at 0x7ffd58f00000 of 64 bytes failed: Seule une partie d’une requête ReadProcessMemory ou WriteProcessMemory a été effectuée. (0x12B)
[0814/155705.192:WARNING:pe_image_reader.cc(340)] could not read dos header from C:\Windows\SYSTEM32\dhcpcsvc.DLL
[0814/155705.192:ERROR:process_memory_win.cc(73)] ReadMemory at 0x7ffd5ede0000 of 64 bytes failed: Seule une partie d’une requête ReadProcessMemory ou WriteProcessMemory a été effectuée. (0x12B)
[0814/155705.192:WARNING:pe_image_reader.cc(340)] could not read dos header from C:\Windows\system32\NSI.dll
[0814/155705.192:ERROR:process_memory_win.cc(73)] ReadMemory at 0x7ffd59170000 of 64 bytes failed: Seule une partie d’une requête ReadProcessMemory ou WriteProcessMemory a été effectuée. (0x12B)
[0814/155705.192:WARNING:pe_image_reader.cc(340)] could not read dos header from C:\Windows\SYSTEM32\WINNSI.DLL
[0814/155705.192:ERROR:process_memory_win.cc(73)] ReadMemory at 0x7ffd5f370000 of 64 bytes failed: Seule une partie d’une requête ReadProcessMemory ou WriteProcessMemory a été effectuée. (0x12B)
[0814/155705.192:WARNING:pe_image_reader.cc(340)] could not read dos header from C:\Windows\system32\combase.dll
[0814/155705.192:ERROR:process_memory_win.cc(73)] ReadMemory at 0x7ffd5d4c0000 of 64 bytes failed: Seule une partie d’une requête ReadProcessMemory ou WriteProcessMemory a été effectuée. (0x12B)
[0814/155705.192:WARNING:pe_image_reader.cc(340)] could not read dos header from C:\Windows\SYSTEM32\profapi.dll
[0814/155705.192:ERROR:process_memory_win.cc(73)] ReadMemory at 0x7ffd5d570000 of 64 bytes failed: Seule une partie d’une requête ReadProcessMemory ou WriteProcessMemory a été effectuée. (0x12B)
[0814/155705.192:WARNING:pe_image_reader.cc(340)] could not read dos header from C:\Windows\system32\MSASN1.dll
[0814/155705.193:ERROR:process_memory_win.cc(73)] ReadMemory at 0x7ffd5d290000 of 64 bytes failed: Seule une partie d’une requête ReadProcessMemory ou WriteProcessMemory a été effectuée. (0x12B)
[0814/155705.193:WARNING:pe_image_reader.cc(340)] could not read dos header from C:\Windows\SYSTEM32\SSPICLI.DLL
[0814/155705.193:ERROR:process_memory_win.cc(73)] ReadMemory at 0x7ffd5d330000 of 64 bytes failed: Seule une partie d’une requête ReadProcessMemory ou WriteProcessMemory a été effectuée. (0x12B)
[0814/155705.193:WARNING:pe_image_reader.cc(340)] could not read dos header from C:\Windows\SYSTEM32\CRYPTBASE.DLL
[0814/155705.193:ERROR:process_memory_win.cc(73)] ReadMemory at 0x7ffd5d2d0000 of 64 bytes failed: Seule une partie d’une requête ReadProcessMemory ou WriteProcessMemory a été effectuée. (0x12B)
[0814/155705.193:WARNING:pe_image_reader.cc(340)] could not read dos header from C:\Windows\SYSTEM32\bcryptPrimitives.dll
[0814/155705.196:ERROR:process_memory_win.cc(73)] ReadMemory at 0x7ff6368c0000 of 64 bytes failed: Seule une partie d’une requête ReadProcessMemory ou WriteProcessMemory a été effectuée. (0x12B)
[0814/155705.196:WARNING:pe_image_reader.cc(340)] could not read dos header from C:\Program Files (x86)\Google\Chrome\Application\chrome.exe
[0814/155705.196:ERROR:process_memory_win.cc(73)] ReadMemory at 0x7ffd60140000 of 64 bytes failed: Seule une partie d’une requête ReadProcessMemory ou WriteProcessMemory a été effectuée. (0x12B)
[0814/155705.196:WARNING:pe_image_reader.cc(340)] could not read dos header from C:\Windows\SYSTEM32\ntdll.dll
[0814/155705.196:ERROR:process_memory_win.cc(73)] ReadMemory at 0x7ffd5f900000 of 64 bytes failed: Seule une partie d’une requête ReadProcessMemory ou WriteProcessMemory a été effectuée. (0x12B)
[0814/155705.196:WARNING:pe_image_reader.cc(340)] could not read dos header from C:\Windows\system32\KERNEL32.DLL
[0814/155705.196:ERROR:process_memory_win.cc(73)] ReadMemory at 0x7ffd5d630000 of 64 bytes failed: Seule une partie d’une requête ReadProcessMemory ou WriteProcessMemory a été effectuée. (0x12B)
[0814/155705.196:WARNING:pe_image_reader.cc(340)] could not read dos header from C:\Windows\system32\KERNELBASE.dll
[0814/155705.196:ERROR:process_memory_win.cc(73)] ReadMemory at 0x7ffd52920000 of 64 bytes failed: Seule une partie d’une requête ReadProcessMemory ou WriteProcessMemory a été effectuée. (0x12B)
[0814/155705.196:WARNING:pe_image_reader.cc(340)] could not read dos header from C:\Program Files (x86)\Google\Chrome\Application\84.0.4147.125\chrome_elf.dll
[0814/155705.196:ERROR:process_memory_win.cc(73)] ReadMemory at 0x7ffd58030000 of 64 bytes failed: Seule une partie d’une requête ReadProcessMemory ou WriteProcessMemory a été effectuée. (0x12B)
[0814/155705.196:WARNING:pe_image_reader.cc(340)] could not read dos header from C:\Windows\SYSTEM32\VERSION.dll
[0814/155705.197:ERROR:process_memory_win.cc(73)] ReadMemory at 0x7ffd5f120000 of 64 bytes failed: Seule une partie d’une requête ReadProcessMemory ou WriteProcessMemory a été effectuée. (0x12B)
[0814/155705.197:WARNING:pe_image_reader.cc(340)] could not read dos header from C:\Windows\system32\msvcrt.dll
[0814/155705.197:ERROR:process_memory_win.cc(73)] ReadMemory at 0x7ffd5b310000 of 64 bytes failed: Seule une partie d’une requête ReadProcessMemory ou WriteProcessMemory a été effectuée. (0x12B)
[0814/155705.197:WARNING:pe_image_reader.cc(340)] could not read dos header from C:\Windows\SYSTEM32\WINMM.dll
[0814/155705.197:ERROR:process_memory_win.cc(73)] ReadMemory at 0x7ffd5b0f0000 of 64 bytes failed: Seule une partie d’une requête ReadProcessMemory ou WriteProcessMemory a été effectuée. (0x12B)
[0814/155705.197:WARNING:pe_image_reader.cc(340)] could not read dos header from C:\Windows\SYSTEM32\WINMMBASE.dll
[0814/155705.197:ERROR:process_memory_win.cc(73)] ReadMemory at 0x7ffd5faa0000 of 64 bytes failed: Seule une partie d’une requête ReadProcessMemory ou WriteProcessMemory a été effectuée. (0x12B)
[0814/155705.197:WARNING:pe_image_reader.cc(340)] could not read dos header from C:\Windows\system32\USER32.dll
[0814/155705.197:ERROR:process_memory_win.cc(73)] ReadMemory at 0x7ffd5d5e0000 of 64 bytes failed: Seule une partie d’une requête ReadProcessMemory ou WriteProcessMemory a été effectuée. (0x12B)
[0814/155705.197:WARNING:pe_image_reader.cc(340)] could not read dos header from C:\Windows\SYSTEM32\cfgmgr32.dll
[0814/155705.197:ERROR:process_memory_win.cc(73)] ReadMemory at 0x7ffd5c350000 of 64 bytes failed: Seule une partie d’une requête ReadProcessMemory ou WriteProcessMemory a été effectuée. (0x12B)
[0814/155705.197:WARNING:pe_image_reader.cc(340)] could not read dos header from C:\Windows\SYSTEM32\DEVOBJ.dll
[0814/155705.197:ERROR:process_memory_win.cc(73)] ReadMemory at 0x7ffd5efd0000 of 64 bytes failed: Seule une partie d’une requête ReadProcessMemory ou WriteProcessMemory a été effectuée. (0x12B)
[0814/155705.197:WARNING:pe_image_reader.cc(340)] could not read dos header from C:\Windows\system32\GDI32.dll
[0814/155705.197:ERROR:process_memory_win.cc(73)] ReadMemory at 0x7ffd5ef90000 of 64 bytes failed: Seule une partie d’une requête ReadProcessMemory ou WriteProcessMemory a été effectuée. (0x12B)
[0814/155705.197:WARNING:pe_image_reader.cc(340)] could not read dos header from C:\Windows\system32\IMM32.DLL
[0814/155705.197:ERROR:process_memory_win.cc(73)] ReadMemory at 0x7ffd5ff60000 of 64 bytes failed: Seule une partie d’une requête ReadProcessMemory ou WriteProcessMemory a été effectuée. (0x12B)
[0814/155705.198:WARNING:pe_image_reader.cc(340)] could not read dos header from C:\Windows\system32\MSCTF.dll
[0814/155705.198:ERROR:process_memory_win.cc(73)] ReadMemory at 0x7ffd5fce0000 of 64 bytes failed: Seule une partie d’une requête ReadProcessMemory ou WriteProcessMemory a été effectuée. (0x12B)
[0814/155705.198:WARNING:pe_image_reader.cc(340)] could not read dos header from C:\Windows\system32\ADVAPI32.dll
[0814/155705.198:ERROR:process_memory_win.cc(73)] ReadMemory at 0x7ffd5fc80000 of 64 bytes failed: Seule une partie d’une requête ReadProcessMemory ou WriteProcessMemory a été effectuée. (0x12B)
[0814/155705.198:WARNING:pe_image_reader.cc(340)] could not read dos header from C:\Windows\SYSTEM32\sechost.dll
[0814/155705.198:ERROR:process_memory_win.cc(73)] ReadMemory at 0x7ffd5edf0000 of 64 bytes failed: Seule une partie d’une requête ReadProcessMemory ou WriteProcessMemory a été effectuée. (0x12B)
[0814/155705.198:WARNING:pe_image_reader.cc(340)] could not read dos header from C:\Windows\system32\RPCRT4.dll
[0814/155705.198:ERROR:process_memory_win.cc(73)] ReadMemory at 0x7ffd3ec20000 of 64 bytes failed: Seule une partie d’une requête ReadProcessMemory ou WriteProcessMemory a été effectuée. (0x12B)
[0814/155705.198:WARNING:pe_image_reader.cc(340)] could not read dos header from C:\Program Files (x86)\Google\Chrome\Application\84.0.4147.125\chrome.dll
[0814/155705.198:ERROR:process_memory_win.cc(73)] ReadMemory at 0x12f4d0000 of 64 bytes failed: Seule une partie d’une requête ReadProcessMemory ou WriteProcessMemory a été effectuée. (0x12B)
[0814/155705.198:WARNING:pe_image_reader.cc(340)] could not read dos header from C:\Windows\system32\WS2_32.dll
[0814/155705.198:ERROR:process_memory_win.cc(73)] ReadMemory at 0x7ffd59190000 of 64 bytes failed: Seule une partie d’une requête ReadProcessMemory ou WriteProcessMemory a été effectuée. (0x12B)
[0814/155705.198:WARNING:pe_image_reader.cc(340)] could not read dos header from C:\Windows\SYSTEM32\IPHLPAPI.DLL
[0814/155705.198:ERROR:process_memory_win.cc(73)] ReadMemory at 0x7ffd5fd90000 of 64 bytes failed: Seule une partie d’une requête ReadProcessMemory ou WriteProcessMemory a été effectuée. (0x12B)
[0814/155705.198:WARNING:pe_image_reader.cc(340)] could not read dos header from C:\Windows\system32\OLEAUT32.dll
[0814/155705.198:ERROR:process_memory_win.cc(73)] ReadMemory at 0x7ffd57210000 of 64 bytes failed: Seule une partie d’une requête ReadProcessMemory ou WriteProcessMemory a été effectuée. (0x12B)
[0814/155705.198:WARNING:pe_image_reader.cc(340)] could not read dos header from C:\Windows\SYSTEM32\Secur32.dll
[0814/155705.199:ERROR:process_memory_win.cc(73)] ReadMemory at 0x7ffd5c980000 of 64 bytes failed: Seule une partie d’une requête ReadProcessMemory ou WriteProcessMemory a été effectuée. (0x12B)
[0814/155705.199:WARNING:pe_image_reader.cc(340)] could not read dos header from C:\Windows\SYSTEM32\USERENV.dll
[0814/155705.199:ERROR:process_memory_win.cc(73)] ReadMemory at 0x7ffd5d590000 of 64 bytes failed: Seule une partie d’une requête ReadProcessMemory ou WriteProcessMemory a été effectuée. (0x12B)
[0814/155705.199:WARNING:pe_image_reader.cc(340)] could not read dos header from C:\Windows\system32\WINTRUST.dll
[0814/155705.199:ERROR:process_memory_win.cc(73)] ReadMemory at 0x7ffd55b60000 of 64 bytes failed: Seule une partie d’une requête ReadProcessMemory ou WriteProcessMemory a été effectuée. (0x12B)
[0814/155705.199:WARNING:pe_image_reader.cc(340)] could not read dos header from C:\Windows\SYSTEM32\UIAutomationCore.DLL
[0814/155705.199:ERROR:process_memory_win.cc(73)] ReadMemory at 0x7ffd5d7f0000 of 64 bytes failed: Seule une partie d’une requête ReadProcessMemory ou WriteProcessMemory a été effectuée. (0x12B)
[0814/155705.199:WARNING:pe_image_reader.cc(340)] could not read dos header from C:\Windows\system32\CRYPT32.dll
[0814/155705.199:ERROR:process_memory_win.cc(73)] ReadMemory at 0x7ffd56920000 of 64 bytes failed: Seule une partie d’une requête ReadProcessMemory ou WriteProcessMemory a été effectuée. (0x12B)
[0814/155705.199:WARNING:pe_image_reader.cc(340)] could not read dos header from C:\Windows\SYSTEM32\DWrite.dll
[0814/155705.199:ERROR:process_memory_win.cc(73)] ReadMemory at 0x7ffd50710000 of 64 bytes failed: Seule une partie d’une requête ReadProcessMemory ou WriteProcessMemory a été effectuée. (0x12B)
[0814/155705.199:WARNING:pe_image_reader.cc(340)] could not read dos header from C:\Windows\SYSTEM32\WINSPOOL.DRV
[0814/155705.199:ERROR:process_memory_win.cc(73)] ReadMemory at 0x7ffd4c210000 of 64 bytes failed: Seule une partie d’une requête ReadProcessMemory ou WriteProcessMemory a été effectuée. (0x12B)
[0814/155705.199:WARNING:pe_image_reader.cc(340)] could not read dos header from C:\Windows\SYSTEM32\dbghelp.dll
[0814/155705.199:ERROR:process_memory_win.cc(73)] ReadMemory at 0x7ffd57ac0000 of 64 bytes failed: Seule une partie d’une requête ReadProcessMemory ou WriteProcessMemory a été effectuée. (0x12B)
[0814/155705.200:WARNING:pe_image_reader.cc(340)] could not read dos header from C:\Windows\SYSTEM32\WINHTTP.dll
[0814/155705.200:ERROR:process_memory_win.cc(73)] ReadMemory at 0x7ffd58f00000 of 64 bytes failed: Seule une partie d’une requête ReadProcessMemory ou WriteProcessMemory a été effectuée. (0x12B)
[0814/155705.200:WARNING:pe_image_reader.cc(340)] could not read dos header from C:\Windows\SYSTEM32\dhcpcsvc.DLL
[0814/155705.200:ERROR:process_memory_win.cc(73)] ReadMemory at 0x7ffd5ede0000 of 64 bytes failed: Seule une partie d’une requête ReadProcessMemory ou WriteProcessMemory a été effectuée. (0x12B)
[0814/155705.200:WARNING:pe_image_reader.cc(340)] could not read dos header from C:\Windows\system32\NSI.dll
[0814/155705.200:ERROR:process_memory_win.cc(73)] ReadMemory at 0x7ffd59170000 of 64 bytes failed: Seule une partie d’une requête ReadProcessMemory ou WriteProcessMemory a été effectuée. (0x12B)
[0814/155705.200:WARNING:pe_image_reader.cc(340)] could not read dos header from C:\Windows\SYSTEM32\WINNSI.DLL
[0814/155705.200:ERROR:process_memory_win.cc(73)] ReadMemory at 0x7ffd5f370000 of 64 bytes failed: Seule une partie d’une requête ReadProcessMemory ou WriteProcessMemory a été effectuée. (0x12B)
[0814/155705.200:WARNING:pe_image_reader.cc(340)] could not read dos header from C:\Windows\system32\combase.dll
[0814/155705.200:ERROR:process_memory_win.cc(73)] ReadMemory at 0x7ffd5d4c0000 of 64 bytes failed: Seule une partie d’une requête ReadProcessMemory ou WriteProcessMemory a été effectuée. (0x12B)
[0814/155705.200:WARNING:pe_image_reader.cc(340)] could not read dos header from C:\Windows\SYSTEM32\profapi.dll
[0814/155705.200:ERROR:process_memory_win.cc(73)] ReadMemory at 0x7ffd5d570000 of 64 bytes failed: Seule une partie d’une requête ReadProcessMemory ou WriteProcessMemory a été effectuée. (0x12B)
[0814/155705.200:WARNING:pe_image_reader.cc(340)] could not read dos header from C:\Windows\system32\MSASN1.dll
[0814/155705.200:ERROR:process_memory_win.cc(73)] ReadMemory at 0x7ffd5d290000 of 64 bytes failed: Seule une partie d’une requête ReadProcessMemory ou WriteProcessMemory a été effectuée. (0x12B)
[0814/155705.200:WARNING:pe_image_reader.cc(340)] could not read dos header from C:\Windows\SYSTEM32\SSPICLI.DLL
[0814/155705.200:ERROR:process_memory_win.cc(73)] ReadMemory at 0x7ffd5d330000 of 64 bytes failed: Seule une partie d’une requête ReadProcessMemory ou WriteProcessMemory a été effectuée. (0x12B)
[0814/155705.200:WARNING:pe_image_reader.cc(340)] could not read dos header from C:\Windows\SYSTEM32\CRYPTBASE.DLL
[0814/155705.201:ERROR:process_memory_win.cc(73)] ReadMemory at 0x7ffd5d2d0000 of 64 bytes failed: Seule une partie d’une requête ReadProcessMemory ou WriteProcessMemory a été effectuée. (0x12B)
[0814/155705.201:WARNING:pe_image_reader.cc(340)] could not read dos header from C:\Windows\SYSTEM32\bcryptPrimitives.dll
[0814/155705.201:ERROR:process_memory_win.cc(73)] ReadMemory at 0x7ff6368c0000 of 64 bytes failed: Seule une partie d’une requête ReadProcessMemory ou WriteProcessMemory a été effectuée. (0x12B)
[0814/155705.201:WARNING:pe_image_reader.cc(340)] could not read dos header from C:\Program Files (x86)\Google\Chrome\Application\chrome.exe
[0814/155705.201:ERROR:process_memory_win.cc(73)] ReadMemory at 0x7ffd60140000 of 64 bytes failed: Seule une partie d’une requête ReadProcessMemory ou WriteProcessMemory a été effectuée. (0x12B)
[0814/155705.201:WARNING:pe_image_reader.cc(340)] could not read dos header from C:\Windows\SYSTEM32\ntdll.dll
[0814/155705.201:ERROR:process_memory_win.cc(73)] ReadMemory at 0x7ffd5f900000 of 64 bytes failed: Seule une partie d’une requête ReadProcessMemory ou WriteProcessMemory a été effectuée. (0x12B)
[0814/155705.201:WARNING:pe_image_reader.cc(340)] could not read dos header from C:\Windows\system32\KERNEL32.DLL
[0814/155705.201:ERROR:process_memory_win.cc(73)] ReadMemory at 0x7ffd5d630000 of 64 bytes failed: Seule une partie d’une requête ReadProcessMemory ou WriteProcessMemory a été effectuée. (0x12B)
[0814/155705.201:WARNING:pe_image_reader.cc(340)] could not read dos header from C:\Windows\system32\KERNELBASE.dll
[0814/155705.201:ERROR:process_memory_win.cc(73)] ReadMemory at 0x7ffd52920000 of 64 bytes failed: Seule une partie d’une requête ReadProcessMemory ou WriteProcessMemory a été effectuée. (0x12B)
[0814/155705.201:WARNING:pe_image_reader.cc(340)] could not read dos header from C:\Program Files (x86)\Google\Chrome\Application\84.0.4147.125\chrome_elf.dll
[0814/155705.201:ERROR:process_memory_win.cc(73)] ReadMemory at 0x7ffd58030000 of 64 bytes failed: Seule une partie d’une requête ReadProcessMemory ou WriteProcessMemory a été effectuée. (0x12B)
[0814/155705.201:WARNING:pe_image_reader.cc(340)] could not read dos header from C:\Windows\SYSTEM32\VERSION.dll
[0814/155705.201:ERROR:process_memory_win.cc(73)] ReadMemory at 0x7ffd5f120000 of 64 bytes failed: Seule une partie d’une requête ReadProcessMemory ou WriteProcessMemory a été effectuée. (0x12B)
[0814/155705.202:WARNING:pe_image_reader.cc(340)] could not read dos header from C:\Windows\system32\msvcrt.dll
[0814/155705.202:ERROR:process_memory_win.cc(73)] ReadMemory at 0x7ffd5b310000 of 64 bytes failed: Seule une partie d’une requête ReadProcessMemory ou WriteProcessMemory a été effectuée. (0x12B)
[0814/155705.202:WARNING:pe_image_reader.cc(340)] could not read dos header from C:\Windows\SYSTEM32\WINMM.dll
[0814/155705.202:ERROR:process_memory_win.cc(73)] ReadMemory at 0x7ffd5b0f0000 of 64 bytes failed: Seule une partie d’une requête ReadProcessMemory ou WriteProcessMemory a été effectuée. (0x12B)
[0814/155705.202:WARNING:pe_image_reader.cc(340)] could not read dos header from C:\Windows\SYSTEM32\WINMMBASE.dll
[0814/155705.202:ERROR:process_memory_win.cc(73)] ReadMemory at 0x7ffd5faa0000 of 64 bytes failed: Seule une partie d’une requête ReadProcessMemory ou WriteProcessMemory a été effectuée. (0x12B)
[0814/155705.202:WARNING:pe_image_reader.cc(340)] could not read dos header from C:\Windows\system32\USER32.dll
[0814/155705.202:ERROR:process_memory_win.cc(73)] ReadMemory at 0x7ffd5d5e0000 of 64 bytes failed: Seule une partie d’une requête ReadProcessMemory ou WriteProcessMemory a été effectuée. (0x12B)
[0814/155705.202:WARNING:pe_image_reader.cc(340)] could not read dos header from C:\Windows\SYSTEM32\cfgmgr32.dll
[0814/155705.202:ERROR:process_memory_win.cc(73)] ReadMemory at 0x7ffd5c350000 of 64 bytes failed: Seule une partie d’une requête ReadProcessMemory ou WriteProcessMemory a été effectuée. (0x12B)
[0814/155705.202:WARNING:pe_image_reader.cc(340)] could not read dos header from C:\Windows\SYSTEM32\DEVOBJ.dll
[0814/155705.202:ERROR:process_memory_win.cc(73)] ReadMemory at 0x7ffd5efd0000 of 64 bytes failed: Seule une partie d’une requête ReadProcessMemory ou WriteProcessMemory a été effectuée. (0x12B)
[0814/155705.202:WARNING:pe_image_reader.cc(340)] could not read dos header from C:\Windows\system32\GDI32.dll
[0814/155705.202:ERROR:process_memory_win.cc(73)] ReadMemory at 0x7ffd5ef90000 of 64 bytes failed: Seule une partie d’une requête ReadProcessMemory ou WriteProcessMemory a été effectuée. (0x12B)
[0814/155705.202:WARNING:pe_image_reader.cc(340)] could not read dos header from C:\Windows\system32\IMM32.DLL
[0814/155705.202:ERROR:process_memory_win.cc(73)] ReadMemory at 0x7ffd5ff60000 of 64 bytes failed: Seule une partie d’une requête ReadProcessMemory ou WriteProcessMemory a été effectuée. (0x12B)
[0814/155705.202:WARNING:pe_image_reader.cc(340)] could not read dos header from C:\Windows\system32\MSCTF.dll
[0814/155705.203:ERROR:process_memory_win.cc(73)] ReadMemory at 0x7ffd5fce0000 of 64 bytes failed: Seule une partie d’une requête ReadProcessMemory ou WriteProcessMemory a été effectuée. (0x12B)
[0814/155705.203:WARNING:pe_image_reader.cc(340)] could not read dos header from C:\Windows\system32\ADVAPI32.dll
[0814/155705.203:ERROR:process_memory_win.cc(73)] ReadMemory at 0x7ffd5fc80000 of 64 bytes failed: Seule une partie d’une requête ReadProcessMemory ou WriteProcessMemory a été effectuée. (0x12B)
[0814/155705.203:WARNING:pe_image_reader.cc(340)] could not read dos header from C:\Windows\SYSTEM32\sechost.dll
[0814/155705.203:ERROR:process_memory_win.cc(73)] ReadMemory at 0x7ffd5edf0000 of 64 bytes failed: Seule une partie d’une requête ReadProcessMemory ou WriteProcessMemory a été effectuée. (0x12B)
[0814/155705.203:WARNING:pe_image_reader.cc(340)] could not read dos header from C:\Windows\system32\RPCRT4.dll
[0814/155705.203:ERROR:process_memory_win.cc(73)] ReadMemory at 0x7ffd3ec20000 of 64 bytes failed: Seule une partie d’une requête ReadProcessMemory ou WriteProcessMemory a été effectuée. (0x12B)
[0814/155705.203:WARNING:pe_image_reader.cc(340)] could not read dos header from C:\Program Files (x86)\Google\Chrome\Application\84.0.4147.125\chrome.dll
[0814/155705.203:ERROR:process_memory_win.cc(73)] ReadMemory at 0x12f4d0000 of 64 bytes failed: Seule une partie d’une requête ReadProcessMemory ou WriteProcessMemory a été effectuée. (0x12B)
[0814/155705.203:WARNING:pe_image_reader.cc(340)] could not read dos header from C:\Windows\system32\WS2_32.dll
[0814/155705.203:ERROR:process_memory_win.cc(73)] ReadMemory at 0x7ffd59190000 of 64 bytes failed: Seule une partie d’une requête ReadProcessMemory ou WriteProcessMemory a été effectuée. (0x12B)
[0814/155705.203:WARNING:pe_image_reader.cc(340)] could not read dos header from C:\Windows\SYSTEM32\IPHLPAPI.DLL
[0814/155705.203:ERROR:process_memory_win.cc(73)] ReadMemory at 0x7ffd5fd90000 of 64 bytes failed: Seule une partie d’une requête ReadProcessMemory ou WriteProcessMemory a été effectuée. (0x12B)
[0814/155705.203:WARNING:pe_image_reader.cc(340)] could not read dos header from C:\Windows\system32\OLEAUT32.dll
[0814/155705.203:ERROR:process_memory_win.cc(73)] ReadMemory at 0x7ffd57210000 of 64 bytes failed: Seule une partie d’une requête ReadProcessMemory ou WriteProcessMemory a été effectuée. (0x12B)
[0814/155705.203:WARNING:pe_image_reader.cc(340)] could not read dos header from C:\Windows\SYSTEM32\Secur32.dll
[0814/155705.203:ERROR:process_memory_win.cc(73)] ReadMemory at 0x7ffd5c980000 of 64 bytes failed: Seule une partie d’une requête ReadProcessMemory ou WriteProcessMemory a été effectuée. (0x12B)
[0814/155705.204:WARNING:pe_image_reader.cc(340)] could not read dos header from C:\Windows\SYSTEM32\USERENV.dll
[0814/155705.204:ERROR:process_memory_win.cc(73)] ReadMemory at 0x7ffd5d590000 of 64 bytes failed: Seule une partie d’une requête ReadProcessMemory ou WriteProcessMemory a été effectuée. (0x12B)
[0814/155705.204:WARNING:pe_image_reader.cc(340)] could not read dos header from C:\Windows\system32\WINTRUST.dll
[0814/155705.204:ERROR:process_memory_win.cc(73)] ReadMemory at 0x7ffd55b60000 of 64 bytes failed: Seule une partie d’une requête ReadProcessMemory ou WriteProcessMemory a été effectuée. (0x12B)
[0814/155705.204:WARNING:pe_image_reader.cc(340)] could not read dos header from C:\Windows\SYSTEM32\UIAutomationCore.DLL
[0814/155705.204:ERROR:process_memory_win.cc(73)] ReadMemory at 0x7ffd5d7f0000 of 64 bytes failed: Seule une partie d’une requête ReadProcessMemory ou WriteProcessMemory a été effectuée. (0x12B)
[0814/155705.204:WARNING:pe_image_reader.cc(340)] could not read dos header from C:\Windows\system32\CRYPT32.dll
[0814/155705.204:ERROR:process_memory_win.cc(73)] ReadMemory at 0x7ffd56920000 of 64 bytes failed: Seule une partie d’une requête ReadProcessMemory ou WriteProcessMemory a été effectuée. (0x12B)
[0814/155705.204:WARNING:pe_image_reader.cc(340)] could not read dos header from C:\Windows\SYSTEM32\DWrite.dll
[0814/155705.204:ERROR:process_memory_win.cc(73)] ReadMemory at 0x7ffd50710000 of 64 bytes failed: Seule une partie d’une requête ReadProcessMemory ou WriteProcessMemory a été effectuée. (0x12B)
[0814/155705.204:WARNING:pe_image_reader.cc(340)] could not read dos header from C:\Windows\SYSTEM32\WINSPOOL.DRV
[0814/155705.204:ERROR:process_memory_win.cc(73)] ReadMemory at 0x7ffd4c210000 of 64 bytes failed: Seule une partie d’une requête ReadProcessMemory ou WriteProcessMemory a été effectuée. (0x12B)
[0814/155705.204:WARNING:pe_image_reader.cc(340)] could not read dos header from C:\Windows\SYSTEM32\dbghelp.dll
[0814/155705.204:ERROR:process_memory_win.cc(73)] ReadMemory at 0x7ffd57ac0000 of 64 bytes failed: Seule une partie d’une requête ReadProcessMemory ou WriteProcessMemory a été effectuée. (0x12B)
[0814/155705.204:WARNING:pe_image_reader.cc(340)] could not read dos header from C:\Windows\SYSTEM32\WINHTTP.dll
[0814/155705.204:ERROR:process_memory_win.cc(73)] ReadMemory at 0x7ffd58f00000 of 64 bytes failed: Seule une partie d’une requête ReadProcessMemory ou WriteProcessMemory a été effectuée. (0x12B)
[0814/155705.204:WARNING:pe_image_reader.cc(340)] could not read dos header from C:\Windows\SYSTEM32\dhcpcsvc.DLL
[0814/155705.205:ERROR:process_memory_win.cc(73)] ReadMemory at 0x7ffd5ede0000 of 64 bytes failed: Seule une partie d’une requête ReadProcessMemory ou WriteProcessMemory a été effectuée. (0x12B)
[0814/155705.205:WARNING:pe_image_reader.cc(340)] could not read dos header from C:\Windows\system32\NSI.dll
[0814/155705.205:ERROR:process_memory_win.cc(73)] ReadMemory at 0x7ffd59170000 of 64 bytes failed: Seule une partie d’une requête ReadProcessMemory ou WriteProcessMemory a été effectuée. (0x12B)
[0814/155705.205:WARNING:pe_image_reader.cc(340)] could not read dos header from C:\Windows\SYSTEM32\WINNSI.DLL
[0814/155705.205:ERROR:process_memory_win.cc(73)] ReadMemory at 0x7ffd5f370000 of 64 bytes failed: Seule une partie d’une requête ReadProcessMemory ou WriteProcessMemory a été effectuée. (0x12B)
[0814/155705.205:WARNING:pe_image_reader.cc(340)] could not read dos header from C:\Windows\system32\combase.dll
[0814/155705.205:ERROR:process_memory_win.cc(73)] ReadMemory at 0x7ffd5d4c0000 of 64 bytes failed: Seule une partie d’une requête ReadProcessMemory ou WriteProcessMemory a été effectuée. (0x12B)
[0814/155705.205:WARNING:pe_image_reader.cc(340)] could not read dos header from C:\Windows\SYSTEM32\profapi.dll
[0814/155705.205:ERROR:process_memory_win.cc(73)] ReadMemory at 0x7ffd5d570000 of 64 bytes failed: Seule une partie d’une requête ReadProcessMemory ou WriteProcessMemory a été effectuée. (0x12B)
[0814/155705.205:WARNING:pe_image_reader.cc(340)] could not read dos header from C:\Windows\system32\MSASN1.dll
[0814/155705.205:ERROR:process_memory_win.cc(73)] ReadMemory at 0x7ffd5d290000 of 64 bytes failed: Seule une partie d’une requête ReadProcessMemory ou WriteProcessMemory a été effectuée. (0x12B)
[0814/155705.205:WARNING:pe_image_reader.cc(340)] could not read dos header from C:\Windows\SYSTEM32\SSPICLI.DLL
[0814/155705.205:ERROR:process_memory_win.cc(73)] ReadMemory at 0x7ffd5d330000 of 64 bytes failed: Seule une partie d’une requête ReadProcessMemory ou WriteProcessMemory a été effectuée. (0x12B)
[0814/155705.205:WARNING:pe_image_reader.cc(340)] could not read dos header from C:\Windows\SYSTEM32\CRYPTBASE.DLL
[0814/155705.205:ERROR:process_memory_win.cc(73)] ReadMemory at 0x7ffd5d2d0000 of 64 bytes failed: Seule une partie d’une requête ReadProcessMemory ou WriteProcessMemory a été effectuée. (0x12B)
[0814/155705.205:WARNING:pe_image_reader.cc(340)] could not read dos header from C:\Windows\SYSTEM32\bcryptPrimitives.dll
[0814/155705.237:ERROR:process_memory_win.cc(73)] ReadMemory at 0x12f393000 of 118784 bytes failed: Seule une partie d’une requête ReadProcessMemory ou WriteProcessMemory a été effectuée. (0x12B)
[0814/155705.238:ERROR:process_memory_win.cc(73)] ReadMemory at 0x1315ed000 of 12288 bytes failed: Seule une partie d’une requête ReadProcessMemory ou WriteProcessMemory a été effectuée. (0x12B)
[0814/155705.238:ERROR:process_memory_win.cc(73)] ReadMemory at 0x131dec000 of 16384 bytes failed: Seule une partie d’une requête ReadProcessMemory ou WriteProcessMemory a été effectuée. (0x12B)
[0814/155705.238:ERROR:process_memory_win.cc(73)] ReadMemory at 0x1325ec000 of 16384 bytes failed: Seule une partie d’une requête ReadProcessMemory ou WriteProcessMemory a été effectuée. (0x12B)
[0814/155705.238:ERROR:process_memory_win.cc(73)] ReadMemory at 0x132dec000 of 16384 bytes failed: Seule une partie d’une requête ReadProcessMemory ou WriteProcessMemory a été effectuée. (0x12B)
[0814/155705.238:ERROR:process_memory_win.cc(73)] ReadMemory at 0x1335ee000 of 8192 bytes failed: Seule une partie d’une requête ReadProcessMemory ou WriteProcessMemory a été effectuée. (0x12B)
[0814/155705.238:ERROR:process_memory_win.cc(73)] ReadMemory at 0x133dec000 of 16384 bytes failed: Seule une partie d’une requête ReadProcessMemory ou WriteProcessMemory a été effectuée. (0x12B)
[0814/155705.238:ERROR:process_memory_win.cc(73)] ReadMemory at 0x1346eb000 of 20480 bytes failed: Seule une partie d’une requête ReadProcessMemory ou WriteProcessMemory a été effectuée. (0x12B)
[0814/155705.238:ERROR:process_memory_win.cc(73)] ReadMemory at 0x1356ea000 of 24576 bytes failed: Seule une partie d’une requête ReadProcessMemory ou WriteProcessMemory a été effectuée. (0x12B)
[0814/155705.238:ERROR:process_memory_win.cc(73)] ReadMemory at 0x1360e8000 of 32768 bytes failed: Seule une partie d’une requête ReadProcessMemory ou WriteProcessMemory a été effectuée. (0x12B)
[0814/155705.238:ERROR:process_memory_win.cc(73)] ReadMemory at 0x1368ea000 of 24576 bytes failed: Seule une partie d’une requête ReadProcessMemory ou WriteProcessMemory a été effectuée. (0x12B)
[0814/155705.238:ERROR:process_memory_win.cc(73)] ReadMemory at 0x13c03d000 of 12288 bytes failed: Seule une partie d’une requête ReadProcessMemory ou WriteProcessMemory a été effectuée. (0x12B)
[0814/155705.239:ERROR:process_memory_win.cc(73)] ReadMemory at 0x13caee000 of 73728 bytes failed: Seule une partie d’une requête ReadProcessMemory ou WriteProcessMemory a été effectuée. (0x12B)
[0814/155705.239:ERROR:process_memory_win.cc(73)] ReadMemory at 0x1394dc000 of 16384 bytes failed: Seule une partie d’une requête ReadProcessMemory ou WriteProcessMemory a été effectuée. (0x12B)
[0814/155705.239:ERROR:process_memory_win.cc(73)] ReadMemory at 0x14412d000 of 12288 bytes failed: Seule une partie d’une requête ReadProcessMemory ou WriteProcessMemory a été effectuée. (0x12B)
[0814/155705.239:ERROR:process_memory_win.cc(73)] ReadMemory at 0x14b41f000 of 4096 bytes failed: Seule une partie d’une requête ReadProcessMemory ou WriteProcessMemory a été effectuée. (0x12B)
[0814/155705.239:ERROR:process_memory_win.cc(73)] ReadMemory at 0x12f4b0c40 of 608 bytes failed: Seule une partie d’une requête ReadProcessMemory ou WriteProcessMemory a été effectuée. (0x12B)
[0814/155705.265:ERROR:process_memory_win.cc(73)] ReadMemory at 0x12f560860 of 3240 bytes failed: Seule une partie d’une requête ReadProcessMemory ou WriteProcessMemory a été effectuée. (0x12B)
[0814/155705.265:ERROR:process_memory_win.cc(73)] ReadMemory at 0x12f561510 of 1012 bytes failed: Seule une partie d’une requête ReadProcessMemory ou WriteProcessMemory a été effectuée. (0x12B)
[0814/155705.265:ERROR:process_memory_win.cc(73)] ReadMemory at 0x12f561b28 of 118 bytes failed: Seule une partie d’une requête ReadProcessMemory ou WriteProcessMemory a été effectuée. (0x12B)
[0814/155705.265:ERROR:process_memory_win.cc(73)] ReadMemory at 0x12f561ba0 of 674 bytes failed: Seule une partie d’une requête ReadProcessMemory ou WriteProcessMemory a été effectuée. (0x12B)
[0814/155705.265:ERROR:process_memory_win.cc(73)] ReadMemory at 0x12f561e44 of 118 bytes failed: Seule une partie d’une requête ReadProcessMemory ou WriteProcessMemory a été effectuée. (0x12B)
[0814/155705.265:ERROR:process_memory_win.cc(73)] ReadMemory at 0x12f561ebc of 98 bytes failed: Seule une partie d’une requête ReadProcessMemory ou WriteProcessMemory a été effectuée. (0x12B)
[0814/155705.265:ERROR:process_memory_win.cc(73)] ReadMemory at 0x12f561f30 of 58 bytes failed: Seule une partie d’une requête ReadProcessMemory ou WriteProcessMemory a été effectuée. (0x12B)
[0814/155705.265:ERROR:process_memory_win.cc(73)] ReadMemory at 0x12f562040 of 132 bytes failed: Seule une partie d’une requête ReadProcessMemory ou WriteProcessMemory a été effectuée. (0x12B)
[0814/155705.265:ERROR:process_memory_win.cc(73)] ReadMemory at 0x12f5621c0 of 132 bytes failed: Seule une partie d’une requête ReadProcessMemory ou WriteProcessMemory a été effectuée. (0x12B)
[0814/155705.265:ERROR:process_memory_win.cc(73)] ReadMemory at 0x12f5623d0 of 126 bytes failed: Seule une partie d’une requête ReadProcessMemory ou WriteProcessMemory a été effectuée. (0x12B)
[0814/155705.265:ERROR:process_memory_win.cc(73)] ReadMemory at 0x12f5626c0 of 64 bytes failed: Seule une partie d’une requête ReadProcessMemory ou WriteProcessMemory a été effectuée. (0x12B)
[0814/155705.265:ERROR:process_memory_win.cc(73)] ReadMemory at 0x12f562710 of 132 bytes failed: Seule une partie d’une requête ReadProcessMemory ou WriteProcessMemory a été effectuée. (0x12B)
[0814/155705.265:ERROR:process_memory_win.cc(73)] ReadMemory at 0x12f5629d0 of 154 bytes failed: Seule une partie d’une requête ReadProcessMemory ou WriteProcessMemory a été effectuée. (0x12B)
[0814/155705.265:ERROR:process_memory_win.cc(73)] ReadMemory at 0x12f562a80 of 68 bytes failed: Seule une partie d’une requête ReadProcessMemory ou WriteProcessMemory a été effectuée. (0x12B)
[0814/155705.265:ERROR:process_memory_win.cc(73)] ReadMemory at 0x12f562ad0 of 132 bytes failed: Seule une partie d’une requête ReadProcessMemory ou WriteProcessMemory a été effectuée. (0x12B)
[0814/155705.266:ERROR:process_memory_win.cc(73)] ReadMemory at 0x12f563800 of 132 bytes failed: Seule une partie d’une requête ReadProcessMemory ou WriteProcessMemory a été effectuée. (0x12B)
[0814/155705.335:ERROR:process_memory_win.cc(73)] ReadMemory at 0x12f563a40 of 62 bytes failed: Seule une partie d’une requête ReadProcessMemory ou WriteProcessMemory a été effectuée. (0x12B)
[0814/155705.335:ERROR:process_memory_win.cc(73)] ReadMemory at 0x12f563e00 of 132 bytes failed: Seule une partie d’une requête ReadProcessMemory ou WriteProcessMemory a été effectuée. (0x12B)
[0814/155705.335:ERROR:process_memory_win.cc(73)] ReadMemory at 0x12f564420 of 60 bytes failed: Seule une partie d’une requête ReadProcessMemory ou WriteProcessMemory a été effectuée. (0x12B)
[0814/155705.335:ERROR:process_memory_win.cc(73)] ReadMemory at 0x12f5647c0 of 132 bytes failed: Seule une partie d’une requête ReadProcessMemory ou WriteProcessMemory a été effectuée. (0x12B)
[0814/155705.335:ERROR:process_memory_win.cc(73)] ReadMemory at 0x12f56bee0 of 60 bytes failed: Seule une partie d’une requête ReadProcessMemory ou WriteProcessMemory a été effectuée. (0x12B)
[0814/155705.335:ERROR:process_memory_win.cc(73)] ReadMemory at 0x12f56bf80 of 58 bytes failed: Seule une partie d’une requête ReadProcessMemory ou WriteProcessMemory a été effectuée. (0x12B)
[0814/155705.335:ERROR:process_memory_win.cc(73)] ReadMemory at 0x12f56c020 of 58 bytes failed: Seule une partie d’une requête ReadProcessMemory ou WriteProcessMemory a été effectuée. (0x12B)
[0814/155705.441:ERROR:process_memory_win.cc(73)] ReadMemory at 0x12f56c070 of 60 bytes failed: Seule une partie d’une requête ReadProcessMemory ou WriteProcessMemory a été effectuée. (0x12B)
[0814/155705.442:ERROR:process_memory_win.cc(73)] ReadMemory at 0x12f56c0c0 of 58 bytes failed: Seule une partie d’une requête ReadProcessMemory ou WriteProcessMemory a été effectuée. (0x12B)
[0814/155705.602:ERROR:process_memory_win.cc(73)] ReadMemory at 0x12f56c160 of 64 bytes failed: Seule une partie d’une requête ReadProcessMemory ou WriteProcessMemory a été effectuée. (0x12B)
[0814/155705.602:ERROR:process_memory_win.cc(73)] ReadMemory at 0x12f56c200 of 58 bytes failed: Seule une partie d’une requête ReadProcessMemory ou WriteProcessMemory a été effectuée. (0x12B)
[0814/155705.602:ERROR:process_memory_win.cc(73)] ReadMemory at 0x12f56c3e0 of 62 bytes failed: Seule une partie d’une requête ReadProcessMemory ou WriteProcessMemory a été effectuée. (0x12B)
[0814/155705.611:ERROR:process_memory_win.cc(73)] ReadMemory at 0x12f56c430 of 60 bytes failed: Seule une partie d’une requête ReadProcessMemory ou WriteProcessMemory a été effectuée. (0x12B)
[0814/155705.626:ERROR:process_memory_win.cc(73)] ReadMemory at 0x12f56c480 of 60 bytes failed: Seule une partie d’une requête ReadProcessMemory ou WriteProcessMemory a été effectuée. (0x12B)
[0814/155705.626:ERROR:process_memory_win.cc(73)] ReadMemory at 0x12f56c4d0 of 64 bytes failed: Seule une partie d’une requête ReadProcessMemory ou WriteProcessMemory a été effectuée. (0x12B)
[0814/155705.627:ERROR:process_memory_win.cc(73)] ReadMemory at 0x12f56c520 of 64 bytes failed: Seule une partie d’une requête ReadProcessMemory ou WriteProcessMemory a été effectuée. (0x12B)
[0814/155705.627:ERROR:process_memory_win.cc(73)] ReadMemory at 0x12f56c570 of 66 bytes failed: Seule une partie d’une requête ReadProcessMemory ou WriteProcessMemory a été effectuée. (0x12B)
[0814/155705.627:ERROR:process_memory_win.cc(73)] ReadMemory at 0x12f56c5c0 of 64 bytes failed: Seule une partie d’une requête ReadProcessMemory ou WriteProcessMemory a été effectuée. (0x12B)
[0814/155705.627:ERROR:process_memory_win.cc(73)] ReadMemory at 0x12f56fce0 of 54 bytes failed: Seule une partie d’une requête ReadProcessMemory ou WriteProcessMemory a été effectuée. (0x12B)
[0814/155705.692:ERROR:process_memory_win.cc(73)] ReadMemory at 0x12f5701b0 of 132 bytes failed: Seule une partie d’une requête ReadProcessMemory ou WriteProcessMemory a été effectuée. (0x12B)
[0814/155705.697:ERROR:process_memory_win.cc(73)] ReadMemory at 0x12f5703b0 of 132 bytes failed: Seule une partie d’une requête ReadProcessMemory ou WriteProcessMemory a été effectuée. (0x12B)
[0814/155705.697:ERROR:process_memory_win.cc(73)] ReadMemory at 0x12f5706a0 of 132 bytes failed: Seule une partie d’une requête ReadProcessMemory ou WriteProcessMemory a été effectuée. (0x12B)
[0814/155705.697:ERROR:process_memory_win.cc(73)] ReadMemory at 0x12f572e90 of 132 bytes failed: Seule une partie d’une requête ReadProcessMemory ou WriteProcessMemory a été effectuée. (0x12B)
[0814/155705.697:ERROR:process_memory_win.cc(73)] ReadMemory at 0x12f5730b0 of 132 bytes failed: Seule une partie d’une requête ReadProcessMemory ou WriteProcessMemory a été effectuée. (0x12B)
[0814/155705.698:ERROR:process_memory_win.cc(73)] ReadMemory at 0x12f5731d0 of 132 bytes failed: Seule une partie d’une requête ReadProcessMemory ou WriteProcessMemory a été effectuée. (0x12B)
[0814/155705.698:ERROR:process_memory_win.cc(73)] ReadMemory at 0x12f5735f0 of 132 bytes failed: Seule une partie d’une requête ReadProcessMemory ou WriteProcessMemory a été effectuée. (0x12B)
[0814/155705.698:ERROR:process_memory_win.cc(73)] ReadMemory at 0x12f575890 of 80 bytes failed: Seule une partie d’une requête ReadProcessMemory ou WriteProcessMemory a été effectuée. (0x12B)
[0814/155705.698:ERROR:process_memory_win.cc(73)] ReadMemory at 0x12f576370 of 146 bytes failed: Seule une partie d’une requête ReadProcessMemory ou WriteProcessMemory a été effectuée. (0x12B)
[0814/155705.698:ERROR:process_memory_win.cc(73)] ReadMemory at 0x12f576c50 of 132 bytes failed: Seule une partie d’une requête ReadProcessMemory ou WriteProcessMemory a été effectuée. (0x12B)
[0814/155705.698:ERROR:process_memory_win.cc(73)] ReadMemory at 0x12f576d70 of 132 bytes failed: Seule une partie d’une requête ReadProcessMemory ou WriteProcessMemory a été effectuée. (0x12B)
[0814/155705.698:ERROR:process_memory_win.cc(73)] ReadMemory at 0x12f576e90 of 132 bytes failed: Seule une partie d’une requête ReadProcessMemory ou WriteProcessMemory a été effectuée. (0x12B)
[0814/155705.698:ERROR:process_memory_win.cc(73)] ReadMemory at 0x12f577000 of 132 bytes failed: Seule une partie d’une requête ReadProcessMemory ou WriteProcessMemory a été effectuée. (0x12B)
[0814/155705.736:ERROR:process_memory_win.cc(73)] ReadMemory at 0x12f577120 of 132 bytes failed: Seule une partie d’une requête ReadProcessMemory ou WriteProcessMemory a été effectuée. (0x12B)
[0814/155705.736:ERROR:process_memory_win.cc(73)] ReadMemory at 0x12f577240 of 132 bytes failed: Seule une partie d’une requête ReadProcessMemory ou WriteProcessMemory a été effectuée. (0x12B)
[0814/155705.736:ERROR:process_memory_win.cc(73)] ReadMemory at 0x12f577360 of 132 bytes failed: Seule une partie d’une requête ReadProcessMemory ou WriteProcessMemory a été effectuée. (0x12B)
[0814/155705.736:ERROR:process_memory_win.cc(73)] ReadMemory at 0x12f577480 of 132 bytes failed: Seule une partie d’une requête ReadProcessMemory ou WriteProcessMemory a été effectuée. (0x12B)
[0814/155705.736:ERROR:process_memory_win.cc(73)] ReadMemory at 0x12f5775a0 of 132 bytes failed: Seule une partie d’une requête ReadProcessMemory ou WriteProcessMemory a été effectuée. (0x12B)
[0814/155705.736:ERROR:process_memory_win.cc(73)] ReadMemory at 0x12f5776c0 of 132 bytes failed: Seule une partie d’une requête ReadProcessMemory ou WriteProcessMemory a été effectuée. (0x12B)
[0814/155705.736:ERROR:process_memory_win.cc(73)] ReadMemory at 0x12f5777e0 of 132 bytes failed: Seule une partie d’une requête ReadProcessMemory ou WriteProcessMemory a été effectuée. (0x12B)
[0814/155705.737:ERROR:process_memory_win.cc(73)] ReadMemory at 0x12f577900 of 132 bytes failed: Seule une partie d’une requête ReadProcessMemory ou WriteProcessMemory a été effectuée. (0x12B)
[0814/155706.164:ERROR:process_memory_win.cc(73)] ReadMemory at 0x12f577a20 of 132 bytes failed: Seule une partie d’une requête ReadProcessMemory ou WriteProcessMemory a été effectuée. (0x12B)
[0814/155706.164:ERROR:process_memory_win.cc(73)] ReadMemory at 0x12f577b40 of 132 bytes failed: Seule une partie d’une requête ReadProcessMemory ou WriteProcessMemory a été effectuée. (0x12B)
[0814/155706.164:ERROR:process_memory_win.cc(73)] ReadMemory at 0x12f577c60 of 132 bytes failed: Seule une partie d’une requête ReadProcessMemory ou WriteProcessMemory a été effectuée. (0x12B)
[0814/155706.164:ERROR:process_memory_win.cc(73)] ReadMemory at 0x12f577d80 of 132 bytes failed: Seule une partie d’une requête ReadProcessMemory ou WriteProcessMemory a été effectuée. (0x12B)
[0814/155706.164:ERROR:process_memory_win.cc(73)] ReadMemory at 0x12f57a030 of 64 bytes failed: Seule une partie d’une requête ReadProcessMemory ou WriteProcessMemory a été effectuée. (0x12B)
[0814/155706.164:ERROR:process_memory_win.cc(73)] ReadMemory at 0x12f57a170 of 62 bytes failed: Seule une partie d’une requête ReadProcessMemory ou WriteProcessMemory a été effectuée. (0x12B)
[0814/155706.164:ERROR:process_memory_win.cc(73)] ReadMemory at 0x12f57a1c0 of 60 bytes failed: Seule une partie d’une requête ReadProcessMemory ou WriteProcessMemory a été effectuée. (0x12B)
[0814/155706.164:ERROR:process_memory_win.cc(73)] ReadMemory at 0x12f57a2b0 of 60 bytes failed: Seule une partie d’une requête ReadProcessMemory ou WriteProcessMemory a été effectuée. (0x12B)
[0814/155706.165:ERROR:process_memory_win.cc(73)] ReadMemory at 0x12f57a760 of 62 bytes failed: Seule une partie d’une requête ReadProcessMemory ou WriteProcessMemory a été effectuée. (0x12B)
[0814/155706.165:ERROR:process_memory_win.cc(73)] ReadMemory at 0x12f57a7b0 of 62 bytes failed: Seule une partie d’une requête ReadProcessMemory ou WriteProcessMemory a été effectuée. (0x12B)
[0814/155706.165:ERROR:process_memory_win.cc(73)] ReadMemory at 0x12f57a8a0 of 62 bytes failed: Seule une partie d’une requête ReadProcessMemory ou WriteProcessMemory a été effectuée. (0x12B)
[0814/155706.165:ERROR:process_memory_win.cc(73)] ReadMemory at 0x12f57a940 of 62 bytes failed: Seule une partie d’une requête ReadProcessMemory ou WriteProcessMemory a été effectuée. (0x12B)
[0814/155706.165:ERROR:process_memory_win.cc(73)] ReadMemory at 0x12f57a990 of 62 bytes failed: Seule une partie d’une requête ReadProcessMemory ou WriteProcessMemory a été effectuée. (0x12B)
[0814/155706.165:ERROR:process_memory_win.cc(73)] ReadMemory at 0x12f57aad0 of 64 bytes failed: Seule une partie d’une requête ReadProcessMemory ou WriteProcessMemory a été effectuée. (0x12B)
[0814/155706.165:ERROR:process_memory_win.cc(73)] ReadMemory at 0x12f57ad50 of 60 bytes failed: Seule une partie d’une requête ReadProcessMemory ou WriteProcessMemory a été effectuée. (0x12B)
[0814/155706.165:ERROR:process_memory_win.cc(73)] ReadMemory at 0x12f57adf0 of 64 bytes failed: Seule une partie d’une requête ReadProcessMemory ou WriteProcessMemory a été effectuée. (0x12B)
[0814/155706.165:ERROR:process_memory_win.cc(73)] ReadMemory at 0x12f57ae40 of 62 bytes failed: Seule une partie d’une requête ReadProcessMemory ou WriteProcessMemory a été effectuée. (0x12B)
[0814/155706.165:ERROR:process_memory_win.cc(73)] ReadMemory at 0x12f57af80 of 62 bytes failed: Seule une partie d’une requête ReadProcessMemory ou WriteProcessMemory a été effectuée. (0x12B)
[0814/155706.320:ERROR:process_memory_win.cc(73)] ReadMemory at 0x12f57b160 of 132 bytes failed: Seule une partie d’une requête ReadProcessMemory ou WriteProcessMemory a été effectuée. (0x12B)
[0814/155706.321:ERROR:process_memory_win.cc(73)] ReadMemory at 0x12f57b820 of 132 bytes failed: Seule une partie d’une requête ReadProcessMemory ou WriteProcessMemory a été effectuée. (0x12B)
[0814/155706.321:ERROR:process_memory_win.cc(73)] ReadMemory at 0x12f57b940 of 132 bytes failed: Seule une partie d’une requête ReadProcessMemory ou WriteProcessMemory a été effectuée. (0x12B)
[0814/155706.321:ERROR:process_memory_win.cc(73)] ReadMemory at 0x12f57ba60 of 132 bytes failed: Seule une partie d’une requête ReadProcessMemory ou WriteProcessMemory a été effectuée. (0x12B)
[0814/155706.321:ERROR:process_memory_win.cc(73)] ReadMemory at 0x12f57bb80 of 132 bytes failed: Seule une partie d’une requête ReadProcessMemory ou WriteProcessMemory a été effectuée. (0x12B)
[0814/155706.321:ERROR:process_memory_win.cc(73)] ReadMemory at 0x12f57c000 of 132 bytes failed: Seule une partie d’une requête ReadProcessMemory ou WriteProcessMemory a été effectuée. (0x12B)
[0814/155706.321:ERROR:process_memory_win.cc(73)] ReadMemory at 0x12f57c120 of 132 bytes failed: Seule une partie d’une requête ReadProcessMemory ou WriteProcessMemory a été effectuée. (0x12B)
[0814/155706.321:ERROR:process_memory_win.cc(73)] ReadMemory at 0x12f57c7e0 of 132 bytes failed: Seule une partie d’une requête ReadProcessMemory ou WriteProcessMemory a été effectuée. (0x12B)
[0814/155706.321:ERROR:process_memory_win.cc(73)] ReadMemory at 0x12f57ca20 of 132 bytes failed: Seule une partie d’une requête ReadProcessMemory ou WriteProcessMemory a été effectuée. (0x12B)
[0814/155706.321:ERROR:process_memory_win.cc(73)] ReadMemory at 0x12f57cc60 of 132 bytes failed: Seule une partie d’une requête ReadProcessMemory ou WriteProcessMemory a été effectuée. (0x12B)
[0814/155706.322:ERROR:process_memory_win.cc(73)] ReadMemory at 0x12f5b57b0 of 66 bytes failed: Seule une partie d’une requête ReadProcessMemory ou WriteProcessMemory a été effectuée. (0x12B)
[0814/155706.322:ERROR:process_memory_win.cc(73)] ReadMemory at 0x12f5ba210 of 80 bytes failed: Seule une partie d’une requête ReadProcessMemory ou WriteProcessMemory a été effectuée. (0x12B)
[0814/155706.322:ERROR:process_memory_win.cc(73)] ReadMemory at 0x12f5c4070 of 512 bytes failed: Seule une partie d’une requête ReadProcessMemory ou WriteProcessMemory a été effectuée. (0x12B)
[0814/155706.508:ERROR:process_memory_win.cc(73)] ReadMemory at 0x12f5cd610 of 512 bytes failed: Seule une partie d’une requête ReadProcessMemory ou WriteProcessMemory a été effectuée. (0x12B)
[0814/155706.508:ERROR:process_memory_win.cc(73)] ReadMemory at 0x12f5d0b20 of 512 bytes failed: Seule une partie d’une requête ReadProcessMemory ou WriteProcessMemory a été effectuée. (0x12B)
[0814/155706.508:ERROR:process_memory_win.cc(73)] ReadMemory at 0x12f5d24d0 of 512 bytes failed: Seule une partie d’une requête ReadProcessMemory ou WriteProcessMemory a été effectuée. (0x12B)
[0814/155706.508:ERROR:process_memory_win.cc(73)] ReadMemory at 0x12f5e3d20 of 512 bytes failed: Seule une partie d’une requête ReadProcessMemory ou WriteProcessMemory a été effectuée. (0x12B)
[0814/155706.508:ERROR:process_memory_win.cc(73)] ReadMemory at 0x12f5e7ea0 of 512 bytes failed: Seule une partie d’une requête ReadProcessMemory ou WriteProcessMemory a été effectuée. (0x12B)
[0814/155706.508:ERROR:process_memory_win.cc(73)] ReadMemory at 0x12f5f5c48 of 512 bytes failed: Seule une partie d’une requête ReadProcessMemory ou WriteProcessMemory a été effectuée. (0x12B)
[0814/155706.508:ERROR:process_memory_win.cc(73)] ReadMemory at 0x12f601290 of 512 bytes failed: Seule une partie d’une requête ReadProcessMemory ou WriteProcessMemory a été effectuée. (0x12B)
[0814/155706.591:ERROR:process_memory_win.cc(73)] ReadMemory at 0x12f610310 of 712 bytes failed: Seule une partie d’une requête ReadProcessMemory ou WriteProcessMemory a été effectuée. (0x12B)
[0814/155706.591:ERROR:process_memory_win.cc(73)] ReadMemory at 0x1369aa990 of 512 bytes failed: Seule une partie d’une requête ReadProcessMemory ou WriteProcessMemory a été effectuée. (0x12B)
[0814/155706.591:ERROR:process_memory_win.cc(73)] ReadMemory at 0x139b08640 of 560 bytes failed: Seule une partie d’une requête ReadProcessMemory ou WriteProcessMemory a été effectuée. (0x12B)
[0814/155706.591:ERROR:process_memory_win.cc(73)] ReadMemory at 0x139bad210 of 512 bytes failed: Seule une partie d’une requête ReadProcessMemory ou WriteProcessMemory a été effectuée. (0x12B)
[0814/155706.591:ERROR:process_memory_win.cc(73)] ReadMemory at 0x13de4c580 of 576 bytes failed: Seule une partie d’une requête ReadProcessMemory ou WriteProcessMemory a été effectuée. (0x12B)
[0814/155706.727:ERROR:process_memory_win.cc(73)] ReadMemory at 0x13de54610 of 512 bytes failed: Seule une partie d’une requête ReadProcessMemory ou WriteProcessMemory a été effectuée. (0x12B)
[0814/155706.728:ERROR:process_memory_win.cc(73)] ReadMemory at 0x13dec5848 of 512 bytes failed: Seule une partie d’une requête ReadProcessMemory ou WriteProcessMemory a été effectuée. (0x12B)
[0814/155706.728:ERROR:process_memory_win.cc(73)] ReadMemory at 0x142b6f910 of 512 bytes failed: Seule une partie d’une requête ReadProcessMemory ou WriteProcessMemory a été effectuée. (0x12B)
[0814/155706.843:ERROR:process_memory_win.cc(73)] ReadMemory at 0x144720720 of 512 bytes failed: Seule une partie d’une requête ReadProcessMemory ou WriteProcessMemory a été effectuée. (0x12B)
[0814/155706.988:ERROR:process_memory_win.cc(73)] ReadMemory at 0x1463bc0a0 of 576 bytes failed: Seule une partie d’une requête ReadProcessMemory ou WriteProcessMemory a été effectuée. (0x12B)
[0814/155706.988:ERROR:process_memory_win.cc(73)] ReadMemory at 0x2fa86e5419e8 of 512 bytes failed: Seule une partie d’une requête ReadProcessMemory ou WriteProcessMemory a été effectuée. (0x12B)
[0814/155706.988:ERROR:process_memory_win.cc(73)] ReadMemory at 0x2fa86e541f98 of 512 bytes failed: Seule une partie d’une requête ReadProcessMemory ou WriteProcessMemory a été effectuée. (0x12B)
[0814/155706.988:ERROR:process_memory_win.cc(73)] ReadMemory at 0x2fa86e55ef80 of 128 bytes failed: Seule une partie d’une requête ReadProcessMemory ou WriteProcessMemory a été effectuée. (0x12B)
[0814/155706.988:ERROR:process_memory_win.cc(73)] ReadMemory at 0x34e709f95e79 of 512 bytes failed: Seule une partie d’une requête ReadProcessMemory ou WriteProcessMemory a été effectuée. (0x12B)
[0814/155706.988:ERROR:process_memory_win.cc(73)] ReadMemory at 0x35e164a01c40 of 512 bytes failed: Seule une partie d’une requête ReadProcessMemory ou WriteProcessMemory a été effectuée. (0x12B)
[0814/155706.989:ERROR:process_memory_win.cc(73)] ReadMemory at 0x35e164ba3100 of 512 bytes failed: Seule une partie d’une requête ReadProcessMemory ou WriteProcessMemory a été effectuée. (0x12B)
[0814/155706.989:ERROR:process_memory_win.cc(73)] ReadMemory at 0x7ff635eac000 of 6024 bytes failed: Seule une partie d’une requête ReadProcessMemory ou WriteProcessMemory a été effectuée. (0x12B)
[0814/155706.989:ERROR:process_memory_win.cc(73)] ReadMemory at 0x7ff635eae000 of 6024 bytes failed: Seule une partie d’une requête ReadProcessMemory ou WriteProcessMemory a été effectuée. (0x12B)
[0814/155706.989:ERROR:process_memory_win.cc(73)] ReadMemory at 0x7ff635eb0000 of 6024 bytes failed: Seule une partie d’une requête ReadProcessMemory ou WriteProcessMemory a été effectuée. (0x12B)
[0814/155706.989:ERROR:process_memory_win.cc(73)] ReadMemory at 0x7ff635eb2000 of 6024 bytes failed: Seule une partie d’une requête ReadProcessMemory ou WriteProcessMemory a été effectuée. (0x12B)
[0814/155706.989:ERROR:process_memory_win.cc(73)] ReadMemory at 0x7ff635eb4000 of 6024 bytes failed: Seule une partie d’une requête ReadProcessMemory ou WriteProcessMemory a été effectuée. (0x12B)
[0814/155706.989:ERROR:process_memory_win.cc(73)] ReadMemory at 0x7ff635eb6000 of 6024 bytes failed: Seule une partie d’une requête ReadProcessMemory ou WriteProcessMemory a été effectuée. (0x12B)
[0814/155706.989:ERROR:process_memory_win.cc(73)] ReadMemory at 0x7ff635eb8000 of 6024 bytes failed: Seule une partie d’une requête ReadProcessMemory ou WriteProcessMemory a été effectuée. (0x12B)
[0814/155706.989:ERROR:process_memory_win.cc(73)] ReadMemory at 0x7ff635eba000 of 6024 bytes failed: Seule une partie d’une requête ReadProcessMemory ou WriteProcessMemory a été effectuée. (0x12B)
[0814/155706.989:ERROR:process_memory_win.cc(73)] ReadMemory at 0x7ff635ebc000 of 6024 bytes failed: Seule une partie d’une requête ReadProcessMemory ou WriteProcessMemory a été effectuée. (0x12B)
[0814/155706.989:ERROR:process_memory_win.cc(73)] ReadMemory at 0x7ff635ebe000 of 6024 bytes failed: Seule une partie d’une requête ReadProcessMemory ou WriteProcessMemory a été effectuée. (0x12B)
[0814/155706.989:ERROR:process_memory_win.cc(73)] ReadMemory at 0x7ff635fe3000 of 6024 bytes failed: Seule une partie d’une requête ReadProcessMemory ou WriteProcessMemory a été effectuée. (0x12B)
[0814/155706.989:ERROR:process_memory_win.cc(73)] ReadMemory at 0x7ff635fe5000 of 6024 bytes failed: Seule une partie d’une requête ReadProcessMemory ou WriteProcessMemory a été effectuée. (0x12B)
[0814/155706.989:ERROR:process_memory_win.cc(73)] ReadMemory at 0x7ff635fe7000 of 6024 bytes failed: Seule une partie d’une requête ReadProcessMemory ou WriteProcessMemory a été effectuée. (0x12B)
[0814/155706.990:ERROR:process_memory_win.cc(73)] ReadMemory at 0x7ff635fe9000 of 6024 bytes failed: Seule une partie d’une requête ReadProcessMemory ou WriteProcessMemory a été effectuée. (0x12B)
[0814/155706.990:ERROR:process_memory_win.cc(73)] ReadMemory at 0x7ff635feb000 of 6024 bytes failed: Seule une partie d’une requête ReadProcessMemory ou WriteProcessMemory a été effectuée. (0x12B)
[0814/155706.990:ERROR:process_memory_win.cc(73)] ReadMemory at 0x7ff635fed000 of 6024 bytes failed: Seule une partie d’une requête ReadProcessMemory ou WriteProcessMemory a été effectuée. (0x12B)
[0814/155706.990:ERROR:process_memory_win.cc(73)] ReadMemory at 0x7ff635fef000 of 852 bytes failed: Seule une partie d’une requête ReadProcessMemory ou WriteProcessMemory a été effectuée. (0x12B)
[0814/155706.990:ERROR:process_memory_win.cc(73)] ReadMemory at 0x7ffd3f3ab7f0 of 512 bytes failed: Seule une partie d’une requête ReadProcessMemory ou WriteProcessMemory a été effectuée. (0x12B)
[0814/155706.990:ERROR:process_memory_win.cc(73)] ReadMemory at 0x7ffd3f3b9f1e of 512 bytes failed: Seule une partie d’une requête ReadProcessMemory ou WriteProcessMemory a été effectuée. (0x12B)
[0814/155706.990:ERROR:process_memory_win.cc(73)] ReadMemory at 0x7ffd41855fd8 of 512 bytes failed: Seule une partie d’une requête ReadProcessMemory ou WriteProcessMemory a été effectuée. (0x12B)
[0814/155706.990:ERROR:process_memory_win.cc(73)] ReadMemory at 0x7ffd45497b6c of 512 bytes failed: Seule une partie d’une requête ReadProcessMemory ou WriteProcessMemory a été effectuée. (0x12B)
[0814/155706.990:ERROR:process_memory_win.cc(73)] ReadMemory at 0x7ffd456a0930 of 512 bytes failed: Seule une partie d’une requête ReadProcessMemory ou WriteProcessMemory a été effectuée. (0x12B)
[0814/155706.990:ERROR:process_memory_win.cc(73)] ReadMemory at 0x7ffd45d05310 of 512 bytes failed: Seule une partie d’une requête ReadProcessMemory ou WriteProcessMemory a été effectuée. (0x12B)
[0814/155706.990:ERROR:process_memory_win.cc(73)] ReadMemory at 0x7ffd466f8fe8 of 520 bytes failed: Seule une partie d’une requête ReadProcessMemory ou WriteProcessMemory a été effectuée. (0x12B)
[0814/155706.990:ERROR:process_memory_win.cc(73)] ReadMemory at 0x7ffd466faa78 of 512 bytes failed: Seule une partie d’une requête ReadProcessMemory ou WriteProcessMemory a été effectuée. (0x12B)
[0814/155706.990:ERROR:process_memory_win.cc(73)] ReadMemory at 0x7ffd529479b3 of 512 bytes failed: Seule une partie d’une requête ReadProcessMemory ou WriteProcessMemory a été effectuée. (0x12B)
[0814/155707.008:ERROR:process_memory_win.cc(73)] ReadMemory at 0x7ffd529481a0 of 512 bytes failed: Seule une partie d’une requête ReadProcessMemory ou WriteProcessMemory a été effectuée. (0x12B)
[0814/155707.008:ERROR:process_memory_win.cc(73)] ReadMemory at 0x7ffd60140000 of 384 bytes failed: Seule une partie d’une requête ReadProcessMemory ou WriteProcessMemory a été effectuée. (0x12B)
[0814/155707.120:ERROR:process_memory_win.cc(73)] ReadMemory at 0x7ffd601474b8 of 18 bytes failed: Seule une partie d’une requête ReadProcessMemory ou WriteProcessMemory a été effectuée. (0x12B)
[0814/155707.120:ERROR:process_memory_win.cc(73)] ReadMemory at 0x7ffd6017b540 of 512 bytes failed: Seule une partie d’une requête ReadProcessMemory ou WriteProcessMemory a été effectuée. (0x12B)
[0814/155707.120:ERROR:process_memory_win.cc(73)] ReadMemory at 0x7ffd601d653a of 592 bytes failed: Seule une partie d’une requête ReadProcessMemory ou WriteProcessMemory a été effectuée. (0x12B)
[0814/155707.156:ERROR:process_memory_win.cc(73)] ReadMemory at 0x7ffd601d683a of 512 bytes failed: Seule une partie d’une requête ReadProcessMemory ou WriteProcessMemory a été effectuée. (0x12B)
[0814/155707.157:ERROR:process_memory_win.cc(73)] ReadMemory at 0x7ffd601d7fba of 560 bytes failed: Seule une partie d’une requête ReadProcessMemory ou WriteProcessMemory a été effectuée. (0x12B)
[0814/155707.157:ERROR:process_memory_win.cc(73)] ReadMemory at 0x7ffd60269980 of 40 bytes failed: Seule une partie d’une requête ReadProcessMemory ou WriteProcessMemory a été effectuée. (0x12B)
[0814/155707.157:ERROR:process_memory_win.cc(73)] ReadMemory at 0x7ffd6026cce0 of 48 bytes failed: Seule une partie d’une requête ReadProcessMemory ou WriteProcessMemory a été effectuée. (0x12B)
[0814/155707.157:ERROR:process_memory_win.cc(73)] ReadMemory at 0x7ffd6026f3c0 of 64 bytes failed: Seule une partie d’une requête ReadProcessMemory ou WriteProcessMemory a été effectuée. (0x12B)
[0814/155707.301:ERROR:scoped_process_suspend.cc(40)] NtResumeProcess: Tentative d’accès à un processus en cours d’arrêt. (0xc000010a)
